86043 verbose rebuildBundles is-gzip@1.0.0
86044 verbose readDependencies using package.json deps
86045 silly resolved []
86046 verbose about to build /home/webdev/www/showcase2/node_modules/grunt-contrib-imagemin/node_modules/imagemin/node_modules/imagemin-gifsicle/node_modules/gifsicle/node_modules/bin-wrapper/node_modules/download/node_modules/decompress-tar/node_modules/is-tar
86047 info build /home/webdev/www/showcase2/node_modules/grunt-contrib-imagemin/node_modules/imagemin/node_modules/imagemin-gifsicle/node_modules/gifsicle/node_modules/bin-wrapper/node_modules/download/node_modules/decompress-tar/node_modules/is-tar
86048 verbose linkStuff [ false,
86048 verbose linkStuff   false,
86048 verbose linkStuff   false,
86048 verbose linkStuff   '/home/webdev/www/showcase2/node_modules/grunt-contrib-imagemin/node_modules/imagemin/node_modules/imagemin-gifsicle/node_modules/gifsicle/node_modules/bin-wrapper/node_modules/download/node_modules/decompress-tar/node_modules' ]
86049 info linkStuff is-tar@1.0.0
86050 verbose linkBins is-tar@1.0.0
86051 verbose linkMans is-tar@1.0.0
86052 verbose rebuildBundles is-tar@1.0.0
86053 silly gunzTarPerm extractEntry LICENCE
86054 silly gunzTarPerm modified mode [ 'LICENCE', 436, 420 ]
86055 silly gunzTarPerm extractEntry immutable.js
86056 silly gunzTarPerm modified mode [ 'immutable.js', 436, 420 ]
86057 silly lockFile 7123ad3a-lodash-basetostring-3-0-0 lodash._basetostring@3.0.0
86058 silly lockFile 7123ad3a-lodash-basetostring-3-0-0 lodash._basetostring@3.0.0
86059 silly lockFile 4c59eece-secopy-lodash-basecopy-3-0-1-tgz https://registry.npmjs.org/lodash._basecopy/-/lodash._basecopy-3.0.1.tgz
86060 silly lockFile 4c59eece-secopy-lodash-basecopy-3-0-1-tgz https://registry.npmjs.org/lodash._basecopy/-/lodash._basecopy-3.0.1.tgz
86061 verbose registry.get https://registry.npmjs.org/is-relative not expired, no request
86062 silly addNameRange number 2 { name: 'is-relative',
86062 silly addNameRange   range: '>=0.1.0-0 <0.2.0-0',
86062 silly addNameRange   hasData: true }
86063 silly addNameRange versions [ 'is-relative', [ '0.1.0', '0.1.1', '0.1.2', '0.1.3' ] ]
86064 verbose addNamed [ 'is-relative', '0.1.3' ]
86065 verbose addNamed [ '0.1.3', '0.1.3' ]
86066 silly lockFile 66047590-is-relative-0-1-3 is-relative@0.1.3
86067 verbose lock is-relative@0.1.3 /home/webdev/.npm/66047590-is-relative-0-1-3.lock
86068 silly gunzTarPerm extractEntry package.json
86069 silly gunzTarPerm extractEntry package.json
86070 verbose cache add name="assert-plus" spec="^0.1.5" args=["assert-plus","^0.1.5"]
86071 verbose parsed url { protocol: null,
86071 verbose parsed url   slashes: null,
86071 verbose parsed url   auth: null,
86071 verbose parsed url   host: null,
86071 verbose parsed url   port: null,
86071 verbose parsed url   hostname: null,
86071 verbose parsed url   hash: null,
86071 verbose parsed url   search: null,
86071 verbose parsed url   query: null,
86071 verbose parsed url   pathname: '^0.1.5',
86071 verbose parsed url   path: '^0.1.5',
86071 verbose parsed url   href: '^0.1.5' }
86072 verbose addNamed [ 'assert-plus', '^0.1.5' ]
86073 verbose addNamed [ null, '>=0.1.5-0 <0.2.0-0' ]
86074 silly lockFile 0f85a4cc-assert-plus-0-1-5 assert-plus@^0.1.5
86075 verbose lock assert-plus@^0.1.5 /home/webdev/.npm/0f85a4cc-assert-plus-0-1-5.lock
86076 verbose cache add name="asn1" spec="0.1.11" args=["asn1","0.1.11"]
86077 verbose parsed url { protocol: null,
86077 verbose parsed url   slashes: null,
86077 verbose parsed url   auth: null,
86077 verbose parsed url   host: null,
86077 verbose parsed url   port: null,
86077 verbose parsed url   hostname: null,
86077 verbose parsed url   hash: null,
86077 verbose parsed url   search: null,
86077 verbose parsed url   query: null,
86077 verbose parsed url   pathname: '0.1.11',
86077 verbose parsed url   path: '0.1.11',
86077 verbose parsed url   href: '0.1.11' }
86078 verbose addNamed [ 'asn1', '0.1.11' ]
86079 verbose addNamed [ '0.1.11', '0.1.11' ]
86080 silly lockFile 41ecb821-asn1-0-1-11 asn1@0.1.11
86081 verbose lock asn1@0.1.11 /home/webdev/.npm/41ecb821-asn1-0-1-11.lock
86082 verbose cache add name="ctype" spec="0.5.3" args=["ctype","0.5.3"]
86083 verbose parsed url { protocol: null,
86083 verbose parsed url   slashes: null,
86083 verbose parsed url   auth: null,
86083 verbose parsed url   host: null,
86083 verbose parsed url   port: null,
86083 verbose parsed url   hostname: null,
86083 verbose parsed url   hash: null,
86083 verbose parsed url   search: null,
86083 verbose parsed url   query: null,
86083 verbose parsed url   pathname: '0.5.3',
86083 verbose parsed url   path: '0.5.3',
86083 verbose parsed url   href: '0.5.3' }
86084 verbose addNamed [ 'ctype', '0.5.3' ]
86085 verbose addNamed [ '0.5.3', '0.5.3' ]
86086 silly lockFile d3ce18c2-ctype-0-5-3 ctype@0.5.3
86087 verbose lock ctype@0.5.3 /home/webdev/.npm/d3ce18c2-ctype-0-5-3.lock
86088 silly gunzTarPerm modes [ '755', '644' ]
86089 info postinstall traverse@0.3.9
86090 verbose readDependencies using package.json deps
86091 silly resolved []
86092 verbose about to build /home/webdev/www/showcase2/node_modules/grunt-contrib-imagemin/node_modules/imagemin/node_modules/imagemin-optipng/node_modules/optipng-bin/node_modules/bin-build/node_modules/download/node_modules/request/node_modules/isstream
86093 info build /home/webdev/www/showcase2/node_modules/grunt-contrib-imagemin/node_modules/imagemin/node_modules/imagemin-optipng/node_modules/optipng-bin/node_modules/bin-build/node_modules/download/node_modules/request/node_modules/isstream
86094 verbose linkStuff [ false,
86094 verbose linkStuff   false,
86094 verbose linkStuff   false,
86094 verbose linkStuff   '/home/webdev/www/showcase2/node_modules/grunt-contrib-imagemin/node_modules/imagemin/node_modules/imagemin-optipng/node_modules/optipng-bin/node_modules/bin-build/node_modules/download/node_modules/request/node_modules' ]
86095 info linkStuff isstream@0.1.2
86096 verbose linkBins isstream@0.1.2
86097 verbose linkMans isstream@0.1.2
86098 verbose rebuildBundles isstream@0.1.2
86099 verbose readDependencies using package.json deps
86100 silly gunzTarPerm extractEntry test/fixtures/space.tar
86101 silly gunzTarPerm extractEntry test/fixtures/types.tar
86102 silly gunzTarPerm extractEntry test/fixtures/unicode-bsd.tar
86103 silly gunzTarPerm extractEntry test/fixtures/unicode.tar
86104 info postinstall tunnel-agent@0.4.0
86105 info preinstall glob-watcher@0.0.8
86106 verbose readDependencies using package.json deps
86107 info install is-finite@1.0.0
86108 info install is-gzip@1.0.0
86109 info install is-tar@1.0.0
86110 silly resolved [ { name: 'globule',
86110 silly resolved     description: 'An easy-to-use wildcard globbing library.',
86110 silly resolved     version: '0.1.0',
86110 silly resolved     homepage: 'https://github.com/cowboy/node-globule',
86110 silly resolved     author: { name: '"Cowboy" Ben Alman', url: 'http://benalman.com/' },
86110 silly resolved     repository: { type: 'git', url: 'git://github.com/cowboy/node-globule.git' },
86110 silly resolved     bugs: { url: 'https://github.com/cowboy/node-globule/issues' },
86110 silly resolved     licenses: [ [Object] ],
86110 silly resolved     main: 'lib/globule',
86110 silly resolved     engines: { node: '>= 0.8.0' },
86110 silly resolved     scripts: { test: 'grunt nodeunit' },
86110 silly resolved     devDependencies:
86110 silly resolved      { 'grunt-contrib-jshint': '~0.1.1',
86110 silly resolved        'grunt-contrib-nodeunit': '~0.1.2',
86110 silly resolved        'grunt-contrib-watch': '~0.2.0',
86110 silly resolved        grunt: '~0.4.1' },
86110 silly resolved     keywords:
86110 silly resolved      [ 'glob',
86110 silly resolved        'file',
86110 silly resolved        'match',
86110 silly resolved        'mapping',
86110 silly resolved        'expand',
86110 silly resolved        'wildcard',
86110 silly resolved        'pattern',
86110 silly resolved        'sync',
86110 silly resolved        'awesome' ],
86110 silly resolved     dependencies: { lodash: '~1.0.1', glob: '~3.1.21', minimatch: '~0.2.11' },
86110 silly resolved     readme: '# globule [![Build Status](https://secure.travis-ci.org/cowboy/node-globule.png?branch=master)](http://travis-ci.org/cowboy/node-globule)\n\nAn easy-to-use wildcard globbing library.\n\n## Getting Started\nInstall the module with: `npm install globule`\n\n```javascript\nvar globule = require(\'globule\');\nvar filepaths = globule.find(\'**/*.js\');\n```\n\n## Documentation\n\n### globule.find\nReturns a unique array of all file or directory paths that match the given globbing pattern(s). This method accepts either comma separated globbing patterns or an array of globbing patterns. Paths matching patterns that begin with `!` will be excluded from the returned array. Patterns are processed in order, so inclusion and exclusion order is significant.\n\n```js\nglobule.find(patterns [, options])\n```\n\nThe `options` object supports all [glob][] library options, along with a few extras. These are the most commonly used:\n\n* `filter` Either a valid [fs.Stats method name](http://nodejs.org/docs/latest/api/fs.html#fs_class_fs_stats) or a function that will be passed the matched `src` filepath and `options` object as arguments. This function should return a `Boolean` value.\n* `nonull` Retain globbing patterns in result set even if they fail to match files.\n* `matchBase` Patterns without slashes will match just the basename part. Eg. this makes `*.js` work like `**/*.js`.\n* `srcBase` Patterns will be matched relative to the specified path instead of the current working directory. This is a synonym for `cwd`.\n* `prefixBase` Any specified `srcBase` will be prefixed to all returned filepaths.\n\n[glob]: https://github.com/isaacs/node-glob\n\n### globule.match\nMatch one or more globbing patterns against one or more file paths. Returns a uniqued array of all file paths that match any of the specified globbing patterns. Both the `patterns` and `filepaths` arguments can be a single string or array of strings. Paths matching patterns that begin with `!` will be excluded from the returned array. Patterns are processed in order, so inclusion and exclusion order is significant.\n\n```js\ngrunt.file.match(patterns, filepaths [, options])\n```\n\n### globule.isMatch\nThis method contains the same signature and logic as the `globule.match` method, but returns `true` if any files were matched, otherwise `false`.\n\n```js\ngrunt.file.isMatch(patterns, filepaths [, options])\n```\n\n### globule.mapping\nGiven a set of source file paths, returns an array of src-dest file mapping objects. Both src and dest paths may be renamed, depending on the options specified.\n\n```js\nglobule.mapping(filepaths [, options])\n```\n\nIn addition to the options the `globule.find` method supports, the options object also supports these properties:\n\n* `srcBase` The directory from which patterns are matched. Any string specified as `srcBase` is effectively stripped from the beginning of all matched paths.\n* `destBase` The specified path is prefixed to all `dest` filepaths.\n* `ext` Remove anything after (and including) the first `.` in the destination path, then append this value.\n* `extDot` Change the behavior of `ext`, `"first"` and `"last"` will remove anything after the first or last `.` in the destination filename, respectively. Defaults to `"first"`.\n* `flatten` Remove the path component from all matched src files. The src file path is still joined to the specified destBase.\n* `rename` If specified, this function will be responsible for returning the final `dest` filepath. By default, it flattens paths (if specified), changes extensions (if specified) and joins the matched path to the `destBase`.\n\n### globule.findMapping\nThis method is a convenience wrapper around the `globule.find` and `globule.mapping` methods.\n\n```js\nglobule.findMapping(patterns [, options])\n```\n\n\n## Examples\n\nGiven the files `foo/a.js` and `foo/b.js`:\n\n### srcBase and destBase\n\n```js\nglobule.find("foo/*.js")\n// ["foo/a.js", "foo/b.js"]\n\nglobule.find("*.js", {srcBase: "foo"})\n// ["a.js", "b.js"]\n\nglobule.find("*.js", {srcBase: "foo", prefixBase: true})\n// ["foo/a.js", "foo/b.js"]\n```\n\n```js\nglobule.findMapping("foo/*.js")\n// [{src: "foo/a.js", dest: "foo/a.js"}, {src: "foo/b.js", dest: "foo/b.js"}]\n\nglobule.findMapping("foo/*.js", {destBase: "bar"})\n// [{src: "foo/a.js", dest: "bar/foo/a.js"}, {src: "foo/b.js", dest: "bar/foo/b.js"}]\n\nglobule.findMapping("*.js", {srcBase: "foo", destBase: "bar"})\n// [{src: "foo/a.js", dest: "bar/a.js"}, {src: "foo/b.js", dest: "bar/b.js"}]\n```\n\n```js\nglobule.mapping(["foo/a.js", "foo/b.js"])\n// [{src: "foo/a.js", dest: "foo/a.js"}, {src: "foo/b.js", dest: "foo/b.js"}]\n\nglobule.mapping(["foo/a.js", "foo/b.js"], {destBase: "bar"})\n// [{src: "foo/a.js", dest: "bar/foo/a.js"}, {src: "foo/b.js", dest: "bar/foo/b.js"}]\n\nglobule.mapping(["a.js", "b.js"], {srcBase: "foo", destBase: "bar"})\n// [{src: "foo/a.js", dest: "bar/a.js"}, {src: "foo/b.js", dest: "bar/b.js"}]\n```\n\n## Contributing\nIn lieu of a formal styleguide, take care to maintain the existing coding style. Add unit tests for any new or changed functionality. Lint and test your code using [Grunt](http://gruntjs.com/).\n\n## Release History\n_(Nothing yet)_\n\n## License\nCopyright (c) 2013 "Cowboy" Ben Alman  \nLicensed under the MIT license.\n',
86110 silly resolved     readmeFilename: 'README.md',
86110 silly resolved     _id: 'globule@0.1.0',
86110 silly resolved     dist:
86110 silly resolved      { shasum: 'd9c8edde1da79d125a151b79533b978676346ae5',
86110 silly resolved        tarball: 'http://registry.npmjs.org/globule/-/globule-0.1.0.tgz' },
86110 silly resolved     _npmVersion: '1.1.70',
86110 silly resolved     _npmUser: { name: 'cowboy', email: 'cowboy@rj3.net' },
86110 silly resolved     maintainers: [ [Object] ],
86110 silly resolved     directories: {},
86110 silly resolved     _shasum: 'd9c8edde1da79d125a151b79533b978676346ae5',
86110 silly resolved     _from: 'globule@~0.1.0',
86110 silly resolved     _resolved: 'https://registry.npmjs.org/globule/-/globule-0.1.0.tgz' } ]
86111 info install globule@0.1.0 into /home/webdev/www/showcase2/node_modules/grunt-contrib-imagemin/node_modules/imagemin/node_modules/imagemin-pngquant/node_modules/pngquant-bin/node_modules/bin-build/node_modules/decompress/node_modules/vinyl-fs/node_modules/glob-watcher/node_modules/gaze
86112 info installOne globule@0.1.0
86113 silly lockFile 2b381b86-lodash-basetostring-3-0-0 lodash._basetostring@^3.0.0
86114 silly lockFile 2b381b86-lodash-basetostring-3-0-0 lodash._basetostring@^3.0.0
86115 silly lockFile 6df4f8c5-lodash-basecopy-3-0-1 lodash._basecopy@3.0.1
86116 silly lockFile 6df4f8c5-lodash-basecopy-3-0-1 lodash._basecopy@3.0.1
86117 silly lockFile 0d73ea20--lodash-isiterateecall-3-0-7-tgz https://registry.npmjs.org/lodash._isiterateecall/-/lodash._isiterateecall-3.0.7.tgz
86118 silly lockFile 0d73ea20--lodash-isiterateecall-3-0-7-tgz https://registry.npmjs.org/lodash._isiterateecall/-/lodash._isiterateecall-3.0.7.tgz
86119 silly lockFile b135cb1d-odash-keys-lodash-keys-3-0-7-tgz https://registry.npmjs.org/lodash.keys/-/lodash.keys-3.0.7.tgz
86120 silly lockFile b135cb1d-odash-keys-lodash-keys-3-0-7-tgz https://registry.npmjs.org/lodash.keys/-/lodash.keys-3.0.7.tgz
86121 silly gunzTarPerm extractEntry package.json
86122 silly gunzTarPerm extractEntry package.json
86123 silly gunzTarPerm extractEntry package.json
86124 silly addNameRange { name: 'is-finite',
86124 silly addNameRange   range: '>=1.0.0-0 <2.0.0-0',
86124 silly addNameRange   hasData: false }
86125 silly gunzTarPerm modes [ '755', '644' ]
86126 silly gunzTarPerm extractEntry Makefile
86127 silly gunzTarPerm modified mode [ 'Makefile', 509, 493 ]
86128 info install isstream@0.1.2
86129 verbose readDependencies using package.json deps
86130 silly resolved []
86131 verbose about to build /home/webdev/www/showcase2/node_modules/grunt-contrib-imagemin/node_modules/imagemin/node_modules/imagemin-pngquant/node_modules/pngquant-bin/node_modules/bin-wrapper/node_modules/download/node_modules/gulp-decompress/node_modules/decompress/node_modules/decompress-unzip/node_modules/stat-mode
86132 info build /home/webdev/www/showcase2/node_modules/grunt-contrib-imagemin/node_modules/imagemin/node_modules/imagemin-pngquant/node_modules/pngquant-bin/node_modules/bin-wrapper/node_modules/download/node_modules/gulp-decompress/node_modules/decompress/node_modules/decompress-unzip/node_modules/stat-mode
86133 verbose linkStuff [ false,
86133 verbose linkStuff   false,
86133 verbose linkStuff   false,
86133 verbose linkStuff   '/home/webdev/www/showcase2/node_modules/grunt-contrib-imagemin/node_modules/imagemin/node_modules/imagemin-pngquant/node_modules/pngquant-bin/node_modules/bin-wrapper/node_modules/download/node_modules/gulp-decompress/node_modules/decompress/node_modules/decompress-unzip/node_modules' ]
86134 info linkStuff stat-mode@0.2.1
86135 verbose linkBins stat-mode@0.2.1
86136 verbose linkMans stat-mode@0.2.1
86137 verbose rebuildBundles stat-mode@0.2.1
86138 verbose readDependencies using package.json deps
86139 verbose readDependencies using package.json deps
86140 info postinstall ansi-styles@1.1.0
86141 silly lockFile 5dd29e68-mpress-unzip-node-modules-is-zip tar:///home/webdev/www/showcase2/node_modules/grunt-contrib-imagemin/node_modules/imagemin/node_modules/imagemin-jpegtran/node_modules/jpegtran-bin/node_modules/bin-wrapper/node_modules/download/node_modules/decompress-unzip/node_modules/is-zip
86142 silly lockFile 5dd29e68-mpress-unzip-node-modules-is-zip tar:///home/webdev/www/showcase2/node_modules/grunt-contrib-imagemin/node_modules/imagemin/node_modules/imagemin-jpegtran/node_modules/jpegtran-bin/node_modules/bin-wrapper/node_modules/download/node_modules/decompress-unzip/node_modules/is-zip
86143 silly lockFile 1076d892-ess-tarbz2-node-modules-is-bzip2 tar:///home/webdev/www/showcase2/node_modules/grunt-contrib-imagemin/node_modules/imagemin/node_modules/imagemin-pngquant/node_modules/pngquant-bin/node_modules/bin-wrapper/node_modules/download/node_modules/gulp-decompress/node_modules/decompress/node_modules/decompress-tarbz2/node_modules/is-bzip2
86144 silly lockFile 1076d892-ess-tarbz2-node-modules-is-bzip2 tar:///home/webdev/www/showcase2/node_modules/grunt-contrib-imagemin/node_modules/imagemin/node_modules/imagemin-pngquant/node_modules/pngquant-bin/node_modules/bin-wrapper/node_modules/download/node_modules/gulp-decompress/node_modules/decompress/node_modules/decompress-tarbz2/node_modules/is-bzip2
86145 verbose node_modules/grunt-contrib-imagemin/node_modules/imagemin/node_modules/imagemin-pngquant/node_modules/pngquant-bin/node_modules/bin-build/node_modules/decompress/node_modules/vinyl-fs/node_modules/glob-watcher/node_modules/gaze/node_modules/globule unbuild
86146 silly lockFile d6326d22-lodash-basecopy-3-0-0 lodash._basecopy@^3.0.0
86147 silly lockFile d6326d22-lodash-basecopy-3-0-0 lodash._basecopy@^3.0.0
86148 silly lockFile 2ff2110f-lodash-isiterateecall-3-0-7 lodash._isiterateecall@3.0.7
86149 silly lockFile 2ff2110f-lodash-isiterateecall-3-0-7 lodash._isiterateecall@3.0.7
86150 silly lockFile 855cd330-lodash-keys-3-0-7 lodash.keys@3.0.7
86151 silly lockFile 855cd330-lodash-keys-3-0-7 lodash.keys@3.0.7
86152 silly addNameRange number 2 { name: 'chalk', range: '>=0.5.1-0 <0.6.0-0', hasData: true }
86153 silly addNameRange versions [ 'chalk',
86153 silly addNameRange   [ '0.1.0',
86153 silly addNameRange     '0.1.1',
86153 silly addNameRange     '0.2.0',
86153 silly addNameRange     '0.2.1',
86153 silly addNameRange     '0.3.0',
86153 silly addNameRange     '0.4.0',
86153 silly addNameRange     '0.5.0',
86153 silly addNameRange     '0.5.1',
86153 silly addNameRange     '1.0.0' ] ]
86154 verbose addNamed [ 'chalk', '0.5.1' ]
86155 verbose addNamed [ '0.5.1', '0.5.1' ]
86156 silly lockFile c28973bb-chalk-0-5-1 chalk@0.5.1
86157 verbose lock chalk@0.5.1 /home/webdev/.npm/c28973bb-chalk-0-5-1.lock
86158 silly addNameRange { name: 'assert-plus',
86158 silly addNameRange   range: '>=0.1.5-0 <0.2.0-0',
86158 silly addNameRange   hasData: false }
86159 silly gunzTarPerm extractEntry README.md
86160 silly gunzTarPerm modified mode [ 'README.md', 436, 420 ]
86161 silly gunzTarPerm extractEntry LICENSE
86162 silly gunzTarPerm modified mode [ 'LICENSE', 4